2026-03-21 23:30:45.037 [JavaFX Application Thread] INFO  c.d.service.TranslatorService - TranslatorService iniciado con 4 hilos de traduccion.
2026-03-21 23:30:46.037 [JavaFX Application Thread] INFO  com.dndtranslator.TranslatorUI - Aplicacion DnD Translator iniciada correctamente.
2026-03-21 23:30:46.038 [JavaFX Application Thread] INFO  com.dndtranslator.TranslatorUI - [UI] Listo. Selecciona un PDF para comenzar.
2026-03-21 23:31:14.177 [JavaFX Application Thread] INFO  com.dndtranslator.TranslatorUI - [UI] Archivo seleccionado: C:\Rol\Robotech\Robotech - Book 08 - Strike Force.pdf
2026-03-21 23:31:18.374 [pdf-translation-worker] INFO  com.dndtranslator.TranslatorUI - [UI] 📐 Analizando maquetacion y extrayendo texto...
2026-03-21 23:31:24.856 [pdf-translation-worker] INFO  com.dndtranslator.TranslatorUI - [UI] 🧠 Texto embebido detectado pero con calidad baja. Activando OCR embebido...
2026-03-21 23:42:57.040 [pdf-translation-worker] INFO  com.dndtranslator.TranslatorUI - [UI] 📄 Parrafos detectados: 7537
2026-03-21 23:42:57.047 [pdf-translation-worker] INFO  com.dndtranslator.TranslatorUI - [UI] Traduccion paralela habilitada con 4 hilos.
2026-03-21 23:43:09.092 [pdf-translation-worker] INFO  com.dndtranslator.TranslatorUI - [UI] Traducido parrafo 1/7537
2026-03-21 23:43:10.375 [pdf-translation-worker] INFO  com.dndtranslator.TranslatorUI - [UI] Traducido parrafo 2/7537
2026-03-21 23:43:11.184 [pdf-translation-worker] INFO  com.dndtranslator.TranslatorUI - [UI] Traducido parrafo 3/7537
2026-03-21 23:43:13.107 [pdf-translation-worker] INFO  com.dndtranslator.TranslatorUI - [UI] Traducido parrafo 4/7537
2026-03-21 23:43:14.513 [pdf-translation-worker] INFO  com.dndtranslator.TranslatorUI - [UI] Traducido parrafo 5/7537
2026-03-21 23:43:15.851 [pdf-translation-worker] INFO  com.dndtranslator.TranslatorUI - [UI] Traducido parrafo 6/7537
2026-03-21 23:43:17.403 [pdf-translation-worker] INFO  com.dndtranslator.TranslatorUI - [UI] Traducido parrafo 7/7537
2026-03-21 23:43:21.239 [pdf-translation-worker] INFO  com.dndtranslator.TranslatorUI - [UI] Traducido parrafo 8/7537
2026-03-21 23:43:25.793 [pdf-translation-worker] INFO  com.dndtranslator.TranslatorUI - [UI] Traducido parrafo 9/7537
2026-03-21 23:43:30.177 [pdf-translation-worker] INFO  com.dndtranslator.TranslatorUI - [UI] Traducido parrafo 10/7537
2026-03-21 23:43:34.089 [pdf-translation-worker] INFO  com.dndtranslator.TranslatorUI - [UI] Traducido parrafo 11/7537
2026-03-21 23:43:36.030 [pdf-translation-worker] INFO  com.dndtranslator.TranslatorUI - [UI] Traducido parrafo 12/7537
2026-03-21 23:43:40.113 [pdf-translation-worker] INFO  com.dndtranslator.TranslatorUI - [UI] Traducido parrafo 13/7537
2026-03-21 23:43:42.255 [pdf-translation-worker] INFO  com.dndtranslator.TranslatorUI - [UI] Traducido parrafo 14/7537
2026-03-21 23:43:44.055 [pdf-translation-worker] INFO  com.dndtranslator.TranslatorUI - [UI] Traducido parrafo 15/7537
2026-03-21 23:43:45.932 [pdf-translation-worker] INFO  com.dndtranslator.TranslatorUI - [UI] Traducido parrafo 16/7537
2026-03-21 23:43:48.779 [pdf-translation-worker] INFO  com.dndtranslator.TranslatorUI - [UI] Traducido parrafo 17/7537
2026-03-21 23:43:49.577 [pdf-translation-worker] INFO  com.dndtranslator.TranslatorUI - [UI] Traducido parrafo 18/7537
2026-03-21 23:43:53.165 [pdf-translation-worker] INFO  com.dndtranslator.TranslatorUI - [UI] Traducido parrafo 19/7537
2026-03-21 23:43:56.721 [pdf-translation-worker] INFO  com.dndtranslator.TranslatorUI - [UI] Traducido parrafo 20/7537
2026-03-21 23:44:00.802 [pdf-translation-worker] INFO  com.dndtranslator.TranslatorUI - [UI] Traducido parrafo 21/7537
2026-03-21 23:44:05.418 [pdf-translation-worker] INFO  com.dndtranslator.TranslatorUI - [UI] Traducido parrafo 22/7537
2026-03-21 23:44:09.005 [pdf-translation-worker] INFO  com.dndtranslator.TranslatorUI - [UI] Traducido parrafo 23/7537
2026-03-21 23:44:12.673 [pdf-translation-worker] INFO  com.dndtranslator.TranslatorUI - [UI] Traducido parrafo 24/7537
2026-03-21 23:44:17.124 [pdf-translation-worker] INFO  com.dndtranslator.TranslatorUI - [UI] Traducido parrafo 25/7537
2026-03-21 23:44:21.110 [pdf-translation-worker] INFO  com.dndtranslator.TranslatorUI - [UI] Traducido parrafo 26/7537
2026-03-21 23:44:23.168 [pdf-translation-worker] INFO  com.dndtranslator.TranslatorUI - [UI] Traducido parrafo 27/7537
2026-03-21 23:44:26.981 [pdf-translation-worker] INFO  com.dndtranslator.TranslatorUI - [UI] Traducido parrafo 28/7537
2026-03-21 23:44:28.479 [pdf-translation-worker] INFO  com.dndtranslator.TranslatorUI - [UI] Traducido parrafo 29/7537
2026-03-21 23:44:29.809 [pdf-translation-worker] INFO  com.dndtranslator.TranslatorUI - [UI] Traducido parrafo 30/7537
2026-03-21 23:44:31.565 [pdf-translation-worker] INFO  com.dndtranslator.TranslatorUI - [UI] Traducido parrafo 31/7537
2026-03-21 23:44:33.831 [pdf-translation-worker] INFO  com.dndtranslator.TranslatorUI - [UI] Traducido parrafo 32/7537
2026-03-21 23:44:36.199 [pdf-translation-worker] INFO  com.dndtranslator.TranslatorUI - [UI] Traducido parrafo 33/7537
2026-03-21 23:44:40.914 [pdf-translation-worker] INFO  com.dndtranslator.TranslatorUI - [UI] Traducido parrafo 34/7537
2026-03-21 23:44:46.150 [pdf-translation-worker] INFO  com.dndtranslator.TranslatorUI - [UI] Traducido parrafo 35/7537
2026-03-21 23:44:51.177 [pdf-translation-worker] INFO  com.dndtranslator.TranslatorUI - [UI] Traducido parrafo 36/7537
2026-03-21 23:44:51.178 [pdf-translation-worker] INFO  com.dndtranslator.TranslatorUI - [UI] Traducido parrafo 37/7537
2026-03-21 23:44:55.276 [pdf-translation-worker] INFO  com.dndtranslator.TranslatorUI - [UI] Traducido parrafo 38/7537
2026-03-21 23:44:58.090 [pdf-translation-worker] INFO  com.dndtranslator.TranslatorUI - [UI] Traducido parrafo 39/7537
2026-03-21 23:45:04.061 [pdf-translation-worker] INFO  com.dndtranslator.TranslatorUI - [UI] Traducido parrafo 40/7537
2026-03-21 23:45:08.631 [pdf-translation-worker] INFO  com.dndtranslator.TranslatorUI - [UI] Traducido parrafo 41/7537
2026-03-21 23:45:09.546 [pdf-translation-worker] INFO  com.dndtranslator.TranslatorUI - [UI] Traducido parrafo 42/7537
2026-03-21 23:45:10.963 [pdf-translation-worker] INFO  com.dndtranslator.TranslatorUI - [UI] Traducido parrafo 43/7537
2026-03-21 23:45:11.963 [pdf-translation-worker] INFO  com.dndtranslator.TranslatorUI - [UI] Traducido parrafo 44/7537
2026-03-21 23:45:13.282 [pdf-translation-worker] INFO  com.dndtranslator.TranslatorUI - [UI] Traducido parrafo 45/7537
2026-03-21 23:45:15.107 [pdf-translation-worker] INFO  com.dndtranslator.TranslatorUI - [UI] Traducido parrafo 46/7537
2026-03-21 23:45:17.259 [pdf-translation-worker] INFO  com.dndtranslator.TranslatorUI - [UI] Traducido parrafo 47/7537
2026-03-21 23:45:18.805 [pdf-translation-worker] INFO  com.dndtranslator.TranslatorUI - [UI] Traducido parrafo 48/7537
2026-03-21 23:45:20.428 [pdf-translation-worker] INFO  com.dndtranslator.TranslatorUI - [UI] Traducido parrafo 49/7537
2026-03-21 23:45:21.727 [pdf-translation-worker] INFO  com.dndtranslator.TranslatorUI - [UI] Traducido parrafo 50/7537
2026-03-21 23:45:22.872 [pdf-translation-worker] INFO  com.dndtranslator.TranslatorUI - [UI] Traducido parrafo 51/7537
2026-03-21 23:45:23.733 [pdf-translation-worker] INFO  com.dndtranslator.TranslatorUI - [UI] Traducido parrafo 52/7537
2026-03-21 23:45:24.766 [pdf-translation-worker] INFO  com.dndtranslator.TranslatorUI - [UI] Traducido parrafo 53/7537
2026-03-21 23:45:26.374 [pdf-translation-worker] INFO  com.dndtranslator.TranslatorUI - [UI] Traducido parrafo 54/7537
2026-03-21 23:45:28.119 [pdf-translation-worker] INFO  com.dndtranslator.TranslatorUI - [UI] Traducido parrafo 55/7537
2026-03-21 23:45:29.724 [pdf-translation-worker] INFO  com.dndtranslator.TranslatorUI - [UI] Traducido parrafo 56/7537
2026-03-21 23:45:31.587 [pdf-translation-worker] INFO  com.dndtranslator.TranslatorUI - [UI] Traducido parrafo 57/7537
2026-03-21 23:45:32.925 [pdf-translation-worker] INFO  com.dndtranslator.TranslatorUI - [UI] Traducido parrafo 58/7537
2026-03-21 23:45:34.105 [pdf-translation-worker] INFO  com.dndtranslator.TranslatorUI - [UI] Traducido parrafo 59/7537
2026-03-21 23:45:38.564 [pdf-translation-worker] INFO  com.dndtranslator.TranslatorUI - [UI] Traducido parrafo 60/7537
2026-03-21 23:45:40.190 [pdf-translation-worker] INFO  com.dndtranslator.TranslatorUI - [UI] Traducido parrafo 61/7537
2026-03-21 23:45:47.168 [pdf-translation-worker] INFO  com.dndtranslator.TranslatorUI - [UI] Traducido parrafo 62/7537
2026-03-21 23:45:53.221 [pdf-translation-worker] INFO  com.dndtranslator.TranslatorUI - [UI] Traducido parrafo 63/7537
2026-03-21 23:45:56.428 [pdf-translation-worker] INFO  com.dndtranslator.TranslatorUI - [UI] Traducido parrafo 64/7537
2026-03-21 23:46:01.446 [pdf-translation-worker] INFO  com.dndtranslator.TranslatorUI - [UI] Traducido parrafo 65/7537
2026-03-21 23:46:06.057 [pdf-translation-worker] INFO  com.dndtranslator.TranslatorUI - [UI] Traducido parrafo 66/7537
2026-03-21 23:46:11.290 [pdf-translation-worker] INFO  com.dndtranslator.TranslatorUI - [UI] Traducido parrafo 67/7537
2026-03-21 23:46:13.362 [pdf-translation-worker] INFO  com.dndtranslator.TranslatorUI - [UI] Traducido parrafo 68/7537
2026-03-21 23:46:18.490 [pdf-translation-worker] INFO  com.dndtranslator.TranslatorUI - [UI] Traducido parrafo 69/7537
2026-03-21 23:46:24.590 [pdf-translation-worker] INFO  com.dndtranslator.TranslatorUI - [UI] Traducido parrafo 70/7537
2026-03-21 23:46:29.338 [pdf-translation-worker] INFO  com.dndtranslator.TranslatorUI - [UI] Traducido parrafo 71/7537
2026-03-21 23:46:34.085 [pdf-translation-worker] INFO  com.dndtranslator.TranslatorUI - [UI] Traducido parrafo 72/7537
2026-03-21 23:46:37.807 [pdf-translation-worker] INFO  com.dndtranslator.TranslatorUI - [UI] Traducido parrafo 73/7537
2026-03-21 23:46:42.672 [pdf-translation-worker] INFO  com.dndtranslator.TranslatorUI - [UI] Traducido parrafo 74/7537
2026-03-21 23:46:47.901 [pdf-translation-worker] INFO  com.dndtranslator.TranslatorUI - [UI] Traducido parrafo 75/7537
2026-03-21 23:46:52.669 [pdf-translation-worker] INFO  com.dndtranslator.TranslatorUI - [UI] Traducido parrafo 76/7537
2026-03-21 23:46:56.760 [pdf-translation-worker] INFO  com.dndtranslator.TranslatorUI - [UI] Traducido parrafo 77/7537
2026-03-21 23:47:01.108 [pdf-translation-worker] INFO  com.dndtranslator.TranslatorUI - [UI] Traducido parrafo 78/7537
2026-03-21 23:47:05.988 [pdf-translation-worker] INFO  com.dndtranslator.TranslatorUI - [UI] Traducido parrafo 79/7537
2026-03-21 23:47:11.513 [pdf-translation-worker] INFO  com.dndtranslator.TranslatorUI - [UI] Traducido parrafo 80/7537
2026-03-21 23:47:14.850 [pdf-translation-worker] INFO  com.dndtranslator.TranslatorUI - [UI] Traducido parrafo 81/7537
2026-03-21 23:47:17.443 [pdf-translation-worker] INFO  com.dndtranslator.TranslatorUI - [UI] Traducido parrafo 82/7537
2026-03-21 23:47:21.400 [pdf-translation-worker] INFO  com.dndtranslator.TranslatorUI - [UI] Traducido parrafo 83/7537
2026-03-21 23:47:26.407 [pdf-translation-worker] INFO  com.dndtranslator.TranslatorUI - [UI] Traducido parrafo 84/7537
2026-03-21 23:47:32.702 [pdf-translation-worker] INFO  com.dndtranslator.TranslatorUI - [UI] Traducido parrafo 85/7537
2026-03-21 23:47:36.914 [pdf-translation-worker] INFO  com.dndtranslator.TranslatorUI - [UI] Traducido parrafo 86/7537
2026-03-21 23:47:40.722 [pdf-translation-worker] INFO  com.dndtranslator.TranslatorUI - [UI] Traducido parrafo 87/7537
2026-03-21 23:47:52.520 [pdf-translation-worker] INFO  com.dndtranslator.TranslatorUI - [UI] Traducido parrafo 88/7537
2026-03-21 23:47:58.485 [pdf-translation-worker] INFO  com.dndtranslator.TranslatorUI - [UI] Traducido parrafo 89/7537
2026-03-21 23:48:01.088 [pdf-translation-worker] INFO  com.dndtranslator.TranslatorUI - [UI] Traducido parrafo 90/7537
2026-03-21 23:48:06.620 [pdf-translation-worker] INFO  com.dndtranslator.TranslatorUI - [UI] Traducido parrafo 91/7537
2026-03-21 23:48:10.933 [pdf-translation-worker] INFO  com.dndtranslator.TranslatorUI - [UI] Traducido parrafo 92/7537
2026-03-21 23:48:19.286 [pdf-translation-worker] INFO  com.dndtranslator.TranslatorUI - [UI] Traducido parrafo 93/7537
2026-03-21 23:48:22.768 [pdf-translation-worker] INFO  com.dndtranslator.TranslatorUI - [UI] Traducido parrafo 94/7537
2026-03-21 23:48:24.184 [pdf-translation-worker] INFO  com.dndtranslator.TranslatorUI - [UI] Traducido parrafo 95/7537
2026-03-21 23:48:25.988 [pdf-translation-worker] INFO  com.dndtranslator.TranslatorUI - [UI] Traducido parrafo 96/7537
2026-03-21 23:48:29.603 [pdf-translation-worker] INFO  com.dndtranslator.TranslatorUI - [UI] Traducido parrafo 97/7537
2026-03-21 23:48:31.533 [pdf-translation-worker] INFO  com.dndtranslator.TranslatorUI - [UI] Traducido parrafo 98/7537
2026-03-21 23:48:37.708 [pdf-translation-worker] INFO  com.dndtranslator.TranslatorUI - [UI] Traducido parrafo 99/7537
2026-03-21 23:48:42.723 [pdf-translation-worker] INFO  com.dndtranslator.TranslatorUI - [UI] Traducido parrafo 100/7537
2026-03-21 23:48:47.730 [pdf-translation-worker] INFO  com.dndtranslator.TranslatorUI - [UI] Traducido parrafo 101/7537
2026-03-21 23:48:50.113 [pdf-translation-worker] INFO  com.dndtranslator.TranslatorUI - [UI] Traducido parrafo 102/7537
2026-03-21 23:48:55.978 [pdf-translation-worker] INFO  com.dndtranslator.TranslatorUI - [UI] Traducido parrafo 103/7537
2026-03-21 23:48:59.420 [pdf-translation-worker] INFO  com.dndtranslator.TranslatorUI - [UI] Traducido parrafo 104/7537
2026-03-21 23:49:03.653 [pdf-translation-worker] INFO  com.dndtranslator.TranslatorUI - [UI] Traducido parrafo 105/7537
2026-03-21 23:49:08.637 [pdf-translation-worker] INFO  com.dndtranslator.TranslatorUI - [UI] Traducido parrafo 106/7537
2026-03-21 23:49:13.430 [pdf-translation-worker] INFO  com.dndtranslator.TranslatorUI - [UI] Traducido parrafo 107/7537
2026-03-21 23:49:15.106 [pdf-translation-worker] INFO  com.dndtranslator.TranslatorUI - [UI] Traducido parrafo 108/7537
2026-03-21 23:49:18.850 [pdf-translation-worker] INFO  com.dndtranslator.TranslatorUI - [UI] Traducido parrafo 109/7537
2026-03-21 23:49:21.775 [pdf-translation-worker] INFO  com.dndtranslator.TranslatorUI - [UI] Traducido parrafo 110/7537
2026-03-21 23:49:23.774 [pdf-translation-worker] INFO  com.dndtranslator.TranslatorUI - [UI] Traducido parrafo 111/7537
2026-03-21 23:49:29.466 [pdf-translation-worker] INFO  com.dndtranslator.TranslatorUI - [UI] Traducido parrafo 112/7537
2026-03-21 23:49:36.002 [pdf-translation-worker] INFO  com.dndtranslator.TranslatorUI - [UI] Traducido parrafo 113/7537
2026-03-21 23:49:38.875 [pdf-translation-worker] INFO  com.dndtranslator.TranslatorUI - [UI] Traducido parrafo 114/7537
2026-03-21 23:49:46.230 [pdf-translation-worker] INFO  com.dndtranslator.TranslatorUI - [UI] Traducido parrafo 115/7537
2026-03-21 23:49:48.150 [pdf-translation-worker] INFO  com.dndtranslator.TranslatorUI - [UI] Traducido parrafo 116/7537
2026-03-21 23:49:55.520 [pdf-translation-worker] INFO  com.dndtranslator.TranslatorUI - [UI] Traducido parrafo 117/7537
2026-03-21 23:49:59.330 [pdf-translation-worker] INFO  com.dndtranslator.TranslatorUI - [UI] Traducido parrafo 118/7537
2026-03-21 23:50:05.622 [pdf-translation-worker] INFO  com.dndtranslator.TranslatorUI - [UI] Traducido parrafo 119/7537
2026-03-21 23:50:13.261 [pdf-translation-worker] INFO  com.dndtranslator.TranslatorUI - [UI] Traducido parrafo 120/7537
2026-03-21 23:50:18.223 [pdf-translation-worker] INFO  com.dndtranslator.TranslatorUI - [UI] Traducido parrafo 121/7537
2026-03-21 23:50:19.777 [pdf-translation-worker] INFO  com.dndtranslator.TranslatorUI - [UI] Traducido parrafo 122/7537
2026-03-21 23:50:21.760 [pdf-translation-worker] INFO  com.dndtranslator.TranslatorUI - [UI] Traducido parrafo 123/7537
2026-03-21 23:50:26.879 [pdf-translation-worker] INFO  com.dndtranslator.TranslatorUI - [UI] Traducido parrafo 124/7537
2026-03-21 23:50:32.060 [pdf-translation-worker] INFO  com.dndtranslator.TranslatorUI - [UI] Traducido parrafo 125/7537
2026-03-21 23:50:39.553 [pdf-translation-worker] INFO  com.dndtranslator.TranslatorUI - [UI] Traducido parrafo 126/7537
2026-03-21 23:50:44.290 [pdf-translation-worker] INFO  com.dndtranslator.TranslatorUI - [UI] Traducido parrafo 127/7537
2026-03-21 23:50:45.571 [pdf-translation-worker] INFO  com.dndtranslator.TranslatorUI - [UI] Traducido parrafo 128/7537
2026-03-21 23:50:52.104 [pdf-translation-worker] INFO  com.dndtranslator.TranslatorUI - [UI] Traducido parrafo 129/7537
2026-03-21 23:50:53.678 [pdf-translation-worker] INFO  com.dndtranslator.TranslatorUI - [UI] Traducido parrafo 130/7537
2026-03-21 23:50:58.329 [pdf-translation-worker] INFO  com.dndtranslator.TranslatorUI - [UI] Traducido parrafo 131/7537
2026-03-21 23:51:07.821 [pdf-translation-worker] INFO  com.dndtranslator.TranslatorUI - [UI] Traducido parrafo 132/7537
2026-03-21 23:51:12.998 [pdf-translation-worker] INFO  com.dndtranslator.TranslatorUI - [UI] Traducido parrafo 133/7537
2026-03-21 23:51:17.819 [pdf-translation-worker] INFO  com.dndtranslator.TranslatorUI - [UI] Traducido parrafo 134/7537
2026-03-21 23:51:22.066 [pdf-translation-worker] INFO  com.dndtranslator.TranslatorUI - [UI] Traducido parrafo 135/7537
2026-03-21 23:51:25.918 [pdf-translation-worker] INFO  com.dndtranslator.TranslatorUI - [UI] Traducido parrafo 136/7537
2026-03-21 23:51:29.923 [pdf-translation-worker] INFO  com.dndtranslator.TranslatorUI - [UI] Traducido parrafo 137/7537
2026-03-21 23:51:31.679 [pdf-translation-worker] INFO  com.dndtranslator.TranslatorUI - [UI] Traducido parrafo 138/7537
2026-03-21 23:51:36.491 [pdf-translation-worker] INFO  com.dndtranslator.TranslatorUI - [UI] Traducido parrafo 139/7537
2026-03-21 23:51:40.169 [pdf-translation-worker] INFO  com.dndtranslator.TranslatorUI - [UI] Traducido parrafo 140/7537
2026-03-21 23:51:41.818 [pdf-translation-worker] INFO  com.dndtranslator.TranslatorUI - [UI] Traducido parrafo 141/7537
2026-03-21 23:51:43.769 [pdf-translation-worker] INFO  com.dndtranslator.TranslatorUI - [UI] Traducido parrafo 142/7537
2026-03-21 23:51:45.043 [pdf-translation-worker] INFO  com.dndtranslator.TranslatorUI - [UI] Traducido parrafo 143/7537
2026-03-21 23:51:47.784 [pdf-translation-worker] INFO  com.dndtranslator.TranslatorUI - [UI] Traducido parrafo 144/7537
2026-03-21 23:51:51.051 [pdf-translation-worker] INFO  com.dndtranslator.TranslatorUI - [UI] Traducido parrafo 145/7537
2026-03-21 23:51:55.227 [pdf-translation-worker] INFO  com.dndtranslator.TranslatorUI - [UI] Traducido parrafo 146/7537
2026-03-21 23:51:59.567 [pdf-translation-worker] INFO  com.dndtranslator.TranslatorUI - [UI] Traducido parrafo 147/7537
2026-03-21 23:52:01.528 [pdf-translation-worker] INFO  com.dndtranslator.TranslatorUI - [UI] Traducido parrafo 148/7537
2026-03-21 23:52:03.859 [pdf-translation-worker] INFO  com.dndtranslator.TranslatorUI - [UI] Traducido parrafo 149/7537
2026-03-21 23:52:05.170 [pdf-translation-worker] INFO  com.dndtranslator.TranslatorUI - [UI] Traducido parrafo 150/7537
2026-03-21 23:52:06.852 [pdf-translation-worker] INFO  com.dndtranslator.TranslatorUI - [UI] Traducido parrafo 151/7537
2026-03-21 23:52:10.572 [pdf-translation-worker] INFO  com.dndtranslator.TranslatorUI - [UI] Traducido parrafo 152/7537
2026-03-21 23:52:14.097 [pdf-translation-worker] INFO  com.dndtranslator.TranslatorUI - [UI] Traducido parrafo 153/7537
2026-03-21 23:52:18.246 [pdf-translation-worker] INFO  com.dndtranslator.TranslatorUI - [UI] Traducido parrafo 154/7537
2026-03-21 23:52:22.844 [pdf-translation-worker] INFO  com.dndtranslator.TranslatorUI - [UI] Traducido parrafo 155/7537
2026-03-21 23:52:30.135 [pdf-translation-worker] INFO  com.dndtranslator.TranslatorUI - [UI] Traducido parrafo 156/7537
2026-03-21 23:52:34.568 [pdf-translation-worker] INFO  com.dndtranslator.TranslatorUI - [UI] Traducido parrafo 157/7537
2026-03-21 23:52:41.904 [pdf-translation-worker] INFO  com.dndtranslator.TranslatorUI - [UI] Traducido parrafo 158/7537
2026-03-21 23:52:42.733 [pdf-translation-worker] INFO  com.dndtranslator.TranslatorUI - [UI] Traducido parrafo 159/7537
2026-03-21 23:52:50.351 [pdf-translation-worker] INFO  com.dndtranslator.TranslatorUI - [UI] Traducido parrafo 160/7537
2026-03-21 23:52:56.024 [pdf-translation-worker] INFO  com.dndtranslator.TranslatorUI - [UI] Traducido parrafo 161/7537
2026-03-21 23:53:00.831 [pdf-translation-worker] INFO  com.dndtranslator.TranslatorUI - [UI] Traducido parrafo 162/7537
2026-03-21 23:53:06.830 [pdf-translation-worker] INFO  com.dndtranslator.TranslatorUI - [UI] Traducido parrafo 163/7537
2026-03-21 23:53:10.435 [pdf-translation-worker] INFO  com.dndtranslator.TranslatorUI - [UI] Traducido parrafo 164/7537
2026-03-21 23:53:14.782 [pdf-translation-worker] INFO  com.dndtranslator.TranslatorUI - [UI] Traducido parrafo 165/7537
2026-03-21 23:53:19.003 [pdf-translation-worker] INFO  com.dndtranslator.TranslatorUI - [UI] Traducido parrafo 166/7537
2026-03-21 23:53:23.001 [pdf-translation-worker] INFO  com.dndtranslator.TranslatorUI - [UI] Traducido parrafo 167/7537
2026-03-21 23:53:27.384 [pdf-translation-worker] INFO  com.dndtranslator.TranslatorUI - [UI] Traducido parrafo 168/7537
2026-03-21 23:53:30.739 [pdf-translation-worker] INFO  com.dndtranslator.TranslatorUI - [UI] Traducido parrafo 169/7537
2026-03-21 23:53:33.900 [pdf-translation-worker] INFO  com.dndtranslator.TranslatorUI - [UI] Traducido parrafo 170/7537
2026-03-21 23:53:35.137 [pdf-translation-worker] INFO  com.dndtranslator.TranslatorUI - [UI] Traducido parrafo 171/7537
2026-03-21 23:53:39.015 [pdf-translation-worker] INFO  com.dndtranslator.TranslatorUI - [UI] Traducido parrafo 172/7537
2026-03-21 23:53:43.059 [pdf-translation-worker] INFO  com.dndtranslator.TranslatorUI - [UI] Traducido parrafo 173/7537
2026-03-21 23:53:46.299 [pdf-translation-worker] INFO  com.dndtranslator.TranslatorUI - [UI] Traducido parrafo 174/7537
2026-03-21 23:53:49.950 [pdf-translation-worker] INFO  com.dndtranslator.TranslatorUI - [UI] Traducido parrafo 175/7537
2026-03-21 23:53:52.586 [pdf-translation-worker] INFO  com.dndtranslator.TranslatorUI - [UI] Traducido parrafo 176/7537
2026-03-21 23:53:55.067 [pdf-translation-worker] INFO  com.dndtranslator.TranslatorUI - [UI] Traducido parrafo 177/7537
2026-03-21 23:53:57.296 [pdf-translation-worker] INFO  com.dndtranslator.TranslatorUI - [UI] Traducido parrafo 178/7537
2026-03-21 23:53:59.908 [pdf-translation-worker] INFO  com.dndtranslator.TranslatorUI - [UI] Traducido parrafo 179/7537
2026-03-21 23:54:02.284 [pdf-translation-worker] INFO  com.dndtranslator.TranslatorUI - [UI] Traducido parrafo 180/7537
2026-03-21 23:54:04.807 [pdf-translation-worker] INFO  com.dndtranslator.TranslatorUI - [UI] Traducido parrafo 181/7537
2026-03-21 23:54:07.435 [pdf-translation-worker] INFO  com.dndtranslator.TranslatorUI - [UI] Traducido parrafo 182/7537
2026-03-21 23:54:09.380 [pdf-translation-worker] INFO  com.dndtranslator.TranslatorUI - [UI] Traducido parrafo 183/7537
2026-03-21 23:54:18.784 [pdf-translation-worker] INFO  com.dndtranslator.TranslatorUI - [UI] Traducido parrafo 184/7537
2026-03-21 23:54:21.203 [pdf-translation-worker] INFO  com.dndtranslator.TranslatorUI - [UI] Traducido parrafo 185/7537
2026-03-21 23:54:23.160 [pdf-translation-worker] INFO  com.dndtranslator.TranslatorUI - [UI] Traducido parrafo 186/7537
2026-03-21 23:54:25.020 [pdf-translation-worker] INFO  com.dndtranslator.TranslatorUI - [UI] Traducido parrafo 187/7537
2026-03-21 23:54:27.362 [pdf-translation-worker] INFO  com.dndtranslator.TranslatorUI - [UI] Traducido parrafo 188/7537
2026-03-21 23:54:29.576 [pdf-translation-worker] INFO  com.dndtranslator.TranslatorUI - [UI] Traducido parrafo 189/7537
2026-03-21 23:54:31.044 [pdf-translation-worker] INFO  com.dndtranslator.TranslatorUI - [UI] Traducido parrafo 190/7537
2026-03-21 23:54:33.496 [pdf-translation-worker] INFO  com.dndtranslator.TranslatorUI - [UI] Traducido parrafo 191/7537
2026-03-21 23:54:36.386 [pdf-translation-worker] INFO  com.dndtranslator.TranslatorUI - [UI] Traducido parrafo 192/7537
2026-03-21 23:54:39.382 [pdf-translation-worker] INFO  com.dndtranslator.TranslatorUI - [UI] Traducido parrafo 193/7537
2026-03-21 23:54:41.796 [pdf-translation-worker] INFO  com.dndtranslator.TranslatorUI - [UI] Traducido parrafo 194/7537
2026-03-21 23:54:43.828 [pdf-translation-worker] INFO  com.dndtranslator.TranslatorUI - [UI] Traducido parrafo 195/7537
2026-03-21 23:54:45.931 [pdf-translation-worker] INFO  com.dndtranslator.TranslatorUI - [UI] Traducido parrafo 196/7537
2026-03-21 23:54:48.113 [pdf-translation-worker] INFO  com.dndtranslator.TranslatorUI - [UI] Traducido parrafo 197/7537
2026-03-21 23:54:50.580 [pdf-translation-worker] INFO  com.dndtranslator.TranslatorUI - [UI] Traducido parrafo 198/7537
2026-03-21 23:54:52.836 [pdf-translation-worker] INFO  com.dndtranslator.TranslatorUI - [UI] Traducido parrafo 199/7537
2026-03-21 23:54:54.941 [pdf-translation-worker] INFO  com.dndtranslator.TranslatorUI - [UI] Traducido parrafo 200/7537
2026-03-21 23:54:56.874 [pdf-translation-worker] INFO  com.dndtranslator.TranslatorUI - [UI] Traducido parrafo 201/7537
2026-03-21 23:55:10.981 [pdf-translation-worker] INFO  com.dndtranslator.TranslatorUI - [UI] Traducido parrafo 202/7537
2026-03-21 23:55:14.046 [pdf-translation-worker] INFO  com.dndtranslator.TranslatorUI - [UI] Traducido parrafo 203/7537
2026-03-21 23:55:16.790 [pdf-translation-worker] INFO  com.dndtranslator.TranslatorUI - [UI] Traducido parrafo 204/7537
2026-03-21 23:55:20.727 [pdf-translation-worker] INFO  com.dndtranslator.TranslatorUI - [UI] Traducido parrafo 205/7537
2026-03-21 23:55:23.268 [pdf-translation-worker] INFO  com.dndtranslator.TranslatorUI - [UI] Traducido parrafo 206/7537
2026-03-21 23:55:25.478 [pdf-translation-worker] INFO  com.dndtranslator.TranslatorUI - [UI] Traducido parrafo 207/7537
2026-03-21 23:55:27.796 [pdf-translation-worker] INFO  com.dndtranslator.TranslatorUI - [UI] Traducido parrafo 208/7537
2026-03-21 23:55:29.327 [pdf-translation-worker] INFO  com.dndtranslator.TranslatorUI - [UI] Traducido parrafo 209/7537
2026-03-21 23:55:31.809 [pdf-translation-worker] INFO  com.dndtranslator.TranslatorUI - [UI] Traducido parrafo 210/7537
2026-03-21 23:55:33.165 [pdf-translation-worker] INFO  com.dndtranslator.TranslatorUI - [UI] Traducido parrafo 211/7537
2026-03-21 23:55:34.828 [pdf-translation-worker] INFO  com.dndtranslator.TranslatorUI - [UI] Traducido parrafo 212/7537
2026-03-21 23:55:35.524 [pdf-translation-worker] INFO  com.dndtranslator.TranslatorUI - [UI] Traducido parrafo 213/7537
2026-03-21 23:55:36.449 [pdf-translation-worker] INFO  com.dndtranslator.TranslatorUI - [UI] Traducido parrafo 214/7537
2026-03-21 23:55:38.847 [pdf-translation-worker] INFO  com.dndtranslator.TranslatorUI - [UI] Traducido parrafo 215/7537
2026-03-21 23:55:41.372 [pdf-translation-worker] INFO  com.dndtranslator.TranslatorUI - [UI] Traducido parrafo 216/7537
2026-03-21 23:55:43.576 [pdf-translation-worker] INFO  com.dndtranslator.TranslatorUI - [UI] Traducido parrafo 217/7537
2026-03-21 23:55:46.316 [pdf-translation-worker] INFO  com.dndtranslator.TranslatorUI - [UI] Traducido parrafo 218/7537
2026-03-21 23:55:49.539 [pdf-translation-worker] INFO  com.dndtranslator.TranslatorUI - [UI] Traducido parrafo 219/7537
2026-03-21 23:55:52.489 [pdf-translation-worker] INFO  com.dndtranslator.TranslatorUI - [UI] Traducido parrafo 220/7537
2026-03-21 23:55:55.018 [pdf-translation-worker] INFO  com.dndtranslator.TranslatorUI - [UI] Traducido parrafo 221/7537
2026-03-21 23:55:56.856 [pdf-translation-worker] INFO  com.dndtranslator.TranslatorUI - [UI] Traducido parrafo 222/7537
2026-03-21 23:55:58.517 [pdf-translation-worker] INFO  com.dndtranslator.TranslatorUI - [UI] Traducido parrafo 223/7537
2026-03-21 23:56:00.486 [pdf-translation-worker] INFO  com.dndtranslator.TranslatorUI - [UI] Traducido parrafo 224/7537
2026-03-21 23:56:03.138 [pdf-translation-worker] INFO  com.dndtranslator.TranslatorUI - [UI] Traducido parrafo 225/7537
2026-03-21 23:56:05.034 [pdf-translation-worker] INFO  com.dndtranslator.TranslatorUI - [UI] Traducido parrafo 226/7537
2026-03-21 23:56:07.480 [pdf-translation-worker] INFO  com.dndtranslator.TranslatorUI - [UI] Traducido parrafo 227/7537
2026-03-21 23:56:09.922 [pdf-translation-worker] INFO  com.dndtranslator.TranslatorUI - [UI] Traducido parrafo 228/7537
2026-03-21 23:56:12.264 [pdf-translation-worker] INFO  com.dndtranslator.TranslatorUI - [UI] Traducido parrafo 229/7537
2026-03-21 23:56:14.601 [pdf-translation-worker] INFO  com.dndtranslator.TranslatorUI - [UI] Traducido parrafo 230/7537
2026-03-21 23:56:16.504 [pdf-translation-worker] INFO  com.dndtranslator.TranslatorUI - [UI] Traducido parrafo 231/7537
2026-03-21 23:56:19.212 [pdf-translation-worker] INFO  com.dndtranslator.TranslatorUI - [UI] Traducido parrafo 232/7537
2026-03-21 23:56:21.358 [pdf-translation-worker] INFO  com.dndtranslator.TranslatorUI - [UI] Traducido parrafo 233/7537
2026-03-21 23:56:23.488 [pdf-translation-worker] INFO  com.dndtranslator.TranslatorUI - [UI] Traducido parrafo 234/7537
2026-03-21 23:56:25.807 [pdf-translation-worker] INFO  com.dndtranslator.TranslatorUI - [UI] Traducido parrafo 235/7537
2026-03-21 23:56:27.837 [pdf-translation-worker] INFO  com.dndtranslator.TranslatorUI - [UI] Traducido parrafo 236/7537
2026-03-21 23:56:29.979 [pdf-translation-worker] INFO  com.dndtranslator.TranslatorUI - [UI] Traducido parrafo 237/7537
2026-03-21 23:56:30.706 [pdf-translation-worker] INFO  com.dndtranslator.TranslatorUI - [UI] Traducido parrafo 238/7537
2026-03-21 23:56:33.473 [pdf-translation-worker] INFO  com.dndtranslator.TranslatorUI - [UI] Traducido parrafo 239/7537
2026-03-21 23:56:37.198 [pdf-translation-worker] INFO  com.dndtranslator.TranslatorUI - [UI] Traducido parrafo 240/7537
2026-03-21 23:56:38.719 [pdf-translation-worker] INFO  com.dndtranslator.TranslatorUI - [UI] Traducido parrafo 241/7537
2026-03-21 23:56:40.959 [pdf-translation-worker] INFO  com.dndtranslator.TranslatorUI - [UI] Traducido parrafo 242/7537
2026-03-21 23:56:43.425 [pdf-translation-worker] INFO  com.dndtranslator.TranslatorUI - [UI] Traducido parrafo 243/7537
2026-03-21 23:56:45.848 [pdf-translation-worker] INFO  com.dndtranslator.TranslatorUI - [UI] Traducido parrafo 244/7537
2026-03-21 23:56:48.385 [pdf-translation-worker] INFO  com.dndtranslator.TranslatorUI - [UI] Traducido parrafo 245/7537
2026-03-21 23:56:51.310 [pdf-translation-worker] INFO  com.dndtranslator.TranslatorUI - [UI] Traducido parrafo 246/7537
2026-03-21 23:56:54.604 [pdf-translation-worker] INFO  com.dndtranslator.TranslatorUI - [UI] Traducido parrafo 247/7537
2026-03-21 23:56:59.864 [pdf-translation-worker] INFO  com.dndtranslator.TranslatorUI - [UI] Traducido parrafo 248/7537
2026-03-21 23:57:02.002 [pdf-translation-worker] INFO  com.dndtranslator.TranslatorUI - [UI] Traducido parrafo 249/7537
2026-03-21 23:57:04.633 [pdf-translation-worker] INFO  com.dndtranslator.TranslatorUI - [UI] Traducido parrafo 250/7537
2026-03-21 23:57:06.903 [pdf-translation-worker] INFO  com.dndtranslator.TranslatorUI - [UI] Traducido parrafo 251/7537
2026-03-21 23:57:08.389 [pdf-translation-worker] INFO  com.dndtranslator.TranslatorUI - [UI] Traducido parrafo 252/7537
2026-03-21 23:57:09.561 [pdf-translation-worker] INFO  com.dndtranslator.TranslatorUI - [UI] Traducido parrafo 253/7537
2026-03-21 23:57:10.581 [pdf-translation-worker] INFO  com.dndtranslator.TranslatorUI - [UI] Traducido parrafo 254/7537
2026-03-21 23:57:12.574 [pdf-translation-worker] INFO  com.dndtranslator.TranslatorUI - [UI] Traducido parrafo 255/7537
2026-03-21 23:57:14.830 [pdf-translation-worker] INFO  com.dndtranslator.TranslatorUI - [UI] Traducido parrafo 256/7537
2026-03-21 23:57:17.735 [pdf-translation-worker] INFO  com.dndtranslator.TranslatorUI - [UI] Traducido parrafo 257/7537
2026-03-21 23:57:20.198 [pdf-translation-worker] INFO  com.dndtranslator.TranslatorUI - [UI] Traducido parrafo 258/7537
2026-03-21 23:57:22.705 [pdf-translation-worker] INFO  com.dndtranslator.TranslatorUI - [UI] Traducido parrafo 259/7537
2026-03-21 23:57:25.214 [pdf-translation-worker] INFO  com.dndtranslator.TranslatorUI - [UI] Traducido parrafo 260/7537
2026-03-21 23:57:27.246 [pdf-translation-worker] INFO  com.dndtranslator.TranslatorUI - [UI] Traducido parrafo 261/7537
2026-03-21 23:57:29.368 [pdf-translation-worker] INFO  com.dndtranslator.TranslatorUI - [UI] Traducido parrafo 262/7537
2026-03-21 23:57:32.735 [pdf-translation-worker] INFO  com.dndtranslator.TranslatorUI - [UI] Traducido parrafo 263/7537
2026-03-21 23:57:35.316 [pdf-translation-worker] INFO  com.dndtranslator.TranslatorUI - [UI] Traducido parrafo 264/7537
2026-03-21 23:57:39.899 [pdf-translation-worker] INFO  com.dndtranslator.TranslatorUI - [UI] Traducido parrafo 265/7537
2026-03-21 23:57:42.554 [pdf-translation-worker] INFO  com.dndtranslator.TranslatorUI - [UI] Traducido parrafo 266/7537
2026-03-21 23:57:44.387 [pdf-translation-worker] INFO  com.dndtranslator.TranslatorUI - [UI] Traducido parrafo 267/7537
2026-03-21 23:57:47.386 [pdf-translation-worker] INFO  com.dndtranslator.TranslatorUI - [UI] Traducido parrafo 268/7537
2026-03-21 23:57:51.452 [pdf-translation-worker] INFO  com.dndtranslator.TranslatorUI - [UI] Traducido parrafo 269/7537
2026-03-21 23:57:54.360 [pdf-translation-worker] INFO  com.dndtranslator.TranslatorUI - [UI] Traducido parrafo 270/7537
2026-03-21 23:57:57.204 [pdf-translation-worker] INFO  com.dndtranslator.TranslatorUI - [UI] Traducido parrafo 271/7537
2026-03-21 23:57:58.524 [pdf-translation-worker] INFO  com.dndtranslator.TranslatorUI - [UI] Traducido parrafo 272/7537
2026-03-21 23:58:01.439 [pdf-translation-worker] INFO  com.dndtranslator.TranslatorUI - [UI] Traducido parrafo 273/7537
2026-03-21 23:58:04.502 [pdf-translation-worker] INFO  com.dndtranslator.TranslatorUI - [UI] Traducido parrafo 274/7537
2026-03-21 23:58:06.815 [pdf-translation-worker] INFO  com.dndtranslator.TranslatorUI - [UI] Traducido parrafo 275/7537
2026-03-21 23:58:08.480 [pdf-translation-worker] INFO  com.dndtranslator.TranslatorUI - [UI] Traducido parrafo 276/7537
2026-03-21 23:58:10.561 [pdf-translation-worker] INFO  com.dndtranslator.TranslatorUI - [UI] Traducido parrafo 277/7537
2026-03-21 23:58:12.770 [pdf-translation-worker] INFO  com.dndtranslator.TranslatorUI - [UI] Traducido parrafo 278/7537
2026-03-21 23:58:15.691 [pdf-translation-worker] INFO  com.dndtranslator.TranslatorUI - [UI] Traducido parrafo 279/7537
2026-03-21 23:58:16.678 [pdf-translation-worker] INFO  com.dndtranslator.TranslatorUI - [UI] Traducido parrafo 280/7537
2026-03-21 23:58:19.313 [pdf-translation-worker] INFO  com.dndtranslator.TranslatorUI - [UI] Traducido parrafo 281/7537
2026-03-21 23:58:21.527 [pdf-translation-worker] INFO  com.dndtranslator.TranslatorUI - [UI] Traducido parrafo 282/7537
2026-03-21 23:58:24.073 [pdf-translation-worker] INFO  com.dndtranslator.TranslatorUI - [UI] Traducido parrafo 283/7537
2026-03-21 23:58:27.103 [pdf-translation-worker] INFO  com.dndtranslator.TranslatorUI - [UI] Traducido parrafo 284/7537
2026-03-21 23:58:28.628 [pdf-translation-worker] INFO  com.dndtranslator.TranslatorUI - [UI] Traducido parrafo 285/7537
2026-03-21 23:58:30.607 [pdf-translation-worker] INFO  com.dndtranslator.TranslatorUI - [UI] Traducido parrafo 286/7537
2026-03-21 23:58:33.625 [pdf-translation-worker] INFO  com.dndtranslator.TranslatorUI - [UI] Traducido parrafo 287/7537
2026-03-21 23:58:36.940 [pdf-translation-worker] INFO  com.dndtranslator.TranslatorUI - [UI] Traducido parrafo 288/7537
2026-03-21 23:58:39.823 [pdf-translation-worker] INFO  com.dndtranslator.TranslatorUI - [UI] Traducido parrafo 289/7537
2026-03-21 23:58:42.199 [pdf-translation-worker] INFO  com.dndtranslator.TranslatorUI - [UI] Traducido parrafo 290/7537
2026-03-21 23:58:44.775 [pdf-translation-worker] INFO  com.dndtranslator.TranslatorUI - [UI] Traducido parrafo 291/7537
2026-03-21 23:58:46.802 [pdf-translation-worker] INFO  com.dndtranslator.TranslatorUI - [UI] Traducido parrafo 292/7537
2026-03-21 23:58:49.017 [pdf-translation-worker] INFO  com.dndtranslator.TranslatorUI - [UI] Traducido parrafo 293/7537
2026-03-21 23:58:51.692 [pdf-translation-worker] INFO  com.dndtranslator.TranslatorUI - [UI] Traducido parrafo 294/7537
2026-03-21 23:58:53.408 [pdf-translation-worker] INFO  com.dndtranslator.TranslatorUI - [UI] Traducido parrafo 295/7537
2026-03-21 23:58:55.256 [pdf-translation-worker] INFO  com.dndtranslator.TranslatorUI - [UI] Traducido parrafo 296/7537
2026-03-21 23:58:57.294 [pdf-translation-worker] INFO  com.dndtranslator.TranslatorUI - [UI] Traducido parrafo 297/7537
2026-03-21 23:58:58.898 [pdf-translation-worker] INFO  com.dndtranslator.TranslatorUI - [UI] Traducido parrafo 298/7537
2026-03-21 23:59:00.307 [pdf-translation-worker] INFO  com.dndtranslator.TranslatorUI - [UI] Traducido parrafo 299/7537
2026-03-21 23:59:02.646 [pdf-translation-worker] INFO  com.dndtranslator.TranslatorUI - [UI] Traducido parrafo 300/7537
2026-03-21 23:59:04.877 [pdf-translation-worker] INFO  com.dndtranslator.TranslatorUI - [UI] Traducido parrafo 301/7537
2026-03-21 23:59:06.450 [pdf-translation-worker] INFO  com.dndtranslator.TranslatorUI - [UI] Traducido parrafo 302/7537
2026-03-21 23:59:08.282 [pdf-translation-worker] INFO  com.dndtranslator.TranslatorUI - [UI] Traducido parrafo 303/7537
2026-03-21 23:59:09.946 [pdf-translation-worker] INFO  com.dndtranslator.TranslatorUI - [UI] Traducido parrafo 304/7537
2026-03-21 23:59:12.683 [pdf-translation-worker] INFO  com.dndtranslator.TranslatorUI - [UI] Traducido parrafo 305/7537
2026-03-21 23:59:14.266 [pdf-translation-worker] INFO  com.dndtranslator.TranslatorUI - [UI] Traducido parrafo 306/7537
2026-03-21 23:59:15.935 [pdf-translation-worker] INFO  com.dndtranslator.TranslatorUI - [UI] Traducido parrafo 307/7537
2026-03-21 23:59:17.190 [pdf-translation-worker] INFO  com.dndtranslator.TranslatorUI - [UI] Traducido parrafo 308/7537
2026-03-21 23:59:18.641 [pdf-translation-worker] INFO  com.dndtranslator.TranslatorUI - [UI] Traducido parrafo 309/7537
2026-03-21 23:59:20.241 [pdf-translation-worker] INFO  com.dndtranslator.TranslatorUI - [UI] Traducido parrafo 310/7537
2026-03-21 23:59:22.414 [pdf-translation-worker] INFO  com.dndtranslator.TranslatorUI - [UI] Traducido parrafo 311/7537
2026-03-21 23:59:24.002 [pdf-translation-worker] INFO  com.dndtranslator.TranslatorUI - [UI] Traducido parrafo 312/7537
2026-03-21 23:59:26.213 [pdf-translation-worker] INFO  com.dndtranslator.TranslatorUI - [UI] Traducido parrafo 313/7537
2026-03-21 23:59:27.543 [pdf-translation-worker] INFO  com.dndtranslator.TranslatorUI - [UI] Traducido parrafo 314/7537
2026-03-21 23:59:29.482 [pdf-translation-worker] INFO  com.dndtranslator.TranslatorUI - [UI] Traducido parrafo 315/7537
2026-03-21 23:59:31.485 [pdf-translation-worker] INFO  com.dndtranslator.TranslatorUI - [UI] Traducido parrafo 316/7537
2026-03-21 23:59:33.889 [pdf-translation-worker] INFO  com.dndtranslator.TranslatorUI - [UI] Traducido parrafo 317/7537
2026-03-21 23:59:36.856 [pdf-translation-worker] INFO  com.dndtranslator.TranslatorUI - [UI] Traducido parrafo 318/7537
2026-03-21 23:59:38.121 [pdf-translation-worker] INFO  com.dndtranslator.TranslatorUI - [UI] Traducido parrafo 319/7537
2026-03-21 23:59:38.944 [pdf-translation-worker] INFO  com.dndtranslator.TranslatorUI - [UI] Traducido parrafo 320/7537
2026-03-21 23:59:39.929 [pdf-translation-worker] INFO  com.dndtranslator.TranslatorUI - [UI] Traducido parrafo 321/7537
2026-03-21 23:59:41.793 [pdf-translation-worker] INFO  com.dndtranslator.TranslatorUI - [UI] Traducido parrafo 322/7537
2026-03-21 23:59:43.837 [pdf-translation-worker] INFO  com.dndtranslator.TranslatorUI - [UI] Traducido parrafo 323/7537
2026-03-21 23:59:45.918 [pdf-translation-worker] INFO  com.dndtranslator.TranslatorUI - [UI] Traducido parrafo 324/7537
2026-03-21 23:59:48.516 [pdf-translation-worker] INFO  com.dndtranslator.TranslatorUI - [UI] Traducido parrafo 325/7537
2026-03-21 23:59:50.903 [pdf-translation-worker] INFO  com.dndtranslator.TranslatorUI - [UI] Traducido parrafo 326/7537
2026-03-21 23:59:53.181 [pdf-translation-worker] INFO  com.dndtranslator.TranslatorUI - [UI] Traducido parrafo 327/7537
2026-03-21 23:59:55.913 [pdf-translation-worker] INFO  com.dndtranslator.TranslatorUI - [UI] Traducido parrafo 328/7537
2026-03-21 23:59:57.883 [pdf-translation-worker] INFO  com.dndtranslator.TranslatorUI - [UI] Traducido parrafo 329/7537
2026-03-21 23:59:59.552 [pdf-translation-worker] INFO  com.dndtranslator.TranslatorUI - [UI] Traducido parrafo 330/7537
